<?xml version="1.0" encoding="UTF-8"?>
<testng-results ignored="0" total="1" passed="1" failed="0" skipped="0">
  <reporter-output>
  </reporter-output>
  <suite started-at="2022-09-08T16:36:37 IST" name="Default suite" finished-at="2022-09-08T16:38:06 IST" duration-ms="89040">
    <groups>
    </groups>
    <test started-at="2022-09-08T16:36:37 IST" name="Default test" finished-at="2022-09-08T16:38:06 IST" duration-ms="89040">
      <class name="com.norka.scripts.TestClass1">
        <test-method is-config="true" signature="onsetup()[pri:0, instance:com.norka.scripts.TestClass1@175c2241]" started-at="2022-09-08T16:36:37 IST" name="onsetup" finished-at="2022-09-08T16:37:31 IST" duration-ms="54159" status="PASS">
          <reporter-output>
          </reporter-output>
        </test-method> <!-- onsetup -->
        <test-method signature="verifyvalidlogin()[pri:1, instance:com.norka.scripts.TestClass1@175c2241]" started-at="2022-09-08T16:37:31 IST" name="verifyvalidlogin" finished-at="2022-09-08T16:38:06 IST" duration-ms="34777" status="PASS">
          <reporter-output>
          </reporter-output>
        </test-method> <!-- verifyvalidlogin -->
      </class> <!-- com.norka.scripts.TestClass1 -->
    </test> <!-- Default test -->
  </suite> <!-- Default suite -->
</testng-results>
